<?xml version="1.0" encoding="UTF-8"?>
<!-- Generated by org.testng.reporters.JUnitReportReporter -->
<testsuite hostname="DESKTOP-CMMN98B" failures="0" tests="1" name="TestRunner.LogInTestRunner" time="25.199" errors="0" timestamp="2023-06-15T02:12:52 IST" skipped="0">
  <testcase classname="TestRunner.LogInTestRunner" name="runScenario" time="25.199"/>
</testsuite> <!-- TestRunner.LogInTestRunner -->
