<?xml version="1.0" encoding="UTF-8"?>
<!-- Generated by org.testng.reporters.JUnitReportReporter -->
<testsuite hostname="DESKTOP-CMMN98B" failures="0" tests="1" name="TestRunner.LogInTestRunner" time="27.256" errors="0" timestamp="2023-06-14T13:14:53 IST" skipped="0">
  <testcase classname="TestRunner.LogInTestRunner" name="runScenario" time="27.256"/>
  <system-out/>
</testsuite> <!-- TestRunner.LogInTestRunner -->
